[2022-08-15T07:45:03.721Z] Log level: Info
[2022-08-15T07:45:03.731Z] [info] Validating found git in: git
[2022-08-15T07:45:03.915Z] [info] Using git 2.25.1 from git
[2022-08-15T07:45:03.945Z] > git rev-parse --show-toplevel [8ms]
[2022-08-15T07:45:03.964Z] > git rev-parse --git-dir --git-common-dir [2ms]
[2022-08-15T07:45:03.976Z] [info] Open repository: /workspaces/vscode_codespaces
[2022-08-15T07:45:04.040Z] > git status -z -uall [35ms]
[2022-08-15T07:45:04.070Z] > git symbolic-ref --short HEAD [2ms]
[2022-08-15T07:45:04.087Z] > git for-each-ref --format=%(refname)%00%(upstream:short)%00%(objectname)%00%(upstream:track)%00%(upstream:remotename)%00%(upstream:remoteref) refs/heads/main refs/remotes/main [9ms]
[2022-08-15T07:45:04.123Z] > git for-each-ref --sort -committerdate --format %(refname) %(objectname) %(*objectname) [30ms]
[2022-08-15T07:45:04.126Z] > git remote --verbose [22ms]
[2022-08-15T07:45:04.144Z] > git config --get commit.template [2ms]
[2022-08-15T07:45:04.176Z] > git status -z -uall [20ms]
[2022-08-15T07:45:04.193Z] > git symbolic-ref --short HEAD [8ms]
[2022-08-15T07:45:04.215Z] > git for-each-ref --format=%(refname)%00%(upstream:short)%00%(objectname)%00%(upstream:track)%00%(upstream:remotename)%00%(upstream:remoteref) refs/heads/main refs/remotes/main [13ms]
[2022-08-15T07:45:04.238Z] > git for-each-ref --sort -committerdate --format %(refname) %(objectname) %(*objectname) [13ms]
[2022-08-15T07:45:04.268Z] > git remote --verbose [34ms]
[2022-08-15T07:45:04.271Z] > git fetch [284ms]
[2022-08-15T07:45:04.289Z] > git config --get commit.template [1ms]
[2022-08-15T07:45:04.305Z] > git status -z -uall [6ms]
[2022-08-15T07:45:04.324Z] > git symbolic-ref --short HEAD [4ms]
[2022-08-15T07:45:04.339Z] > git for-each-ref --format=%(refname)%00%(upstream:short)%00%(objectname)%00%(upstream:track)%00%(upstream:remotename)%00%(upstream:remoteref) refs/heads/main refs/remotes/main [9ms]
[2022-08-15T07:45:04.360Z] > git for-each-ref --sort -committerdate --format %(refname) %(objectname) %(*objectname) [13ms]
[2022-08-15T07:45:04.367Z] > git remote --verbose [9ms]
[2022-08-15T07:45:04.378Z] > git config --get commit.template [2ms]
[2022-08-15T07:45:04.871Z] > git check-ignore -v -z --stdin [1ms]
[2022-08-15T07:45:05.647Z] > git status -z -uall [3ms]
[2022-08-15T07:45:05.659Z] > git symbolic-ref --short HEAD [2ms]
[2022-08-15T07:45:05.667Z] > git for-each-ref --format=%(refname)%00%(upstream:short)%00%(objectname)%00%(upstream:track)%00%(upstream:remotename)%00%(upstream:remoteref) refs/heads/main refs/remotes/main [3ms]
[2022-08-15T07:45:05.683Z] > git for-each-ref --sort -committerdate --format %(refname) %(objectname) %(*objectname) [11ms]
[2022-08-15T07:45:05.684Z] > git remote --verbose [3ms]
[2022-08-15T07:45:05.694Z] > git config --get commit.template [3ms]
[2022-08-15T07:45:06.959Z] > git config --local branch.main.github-pr-owner-number [104ms]
[2022-08-15T07:48:04.611Z] > git fetch [220ms]
[2022-08-15T07:48:04.623Z] > git status -z -uall [2ms]
[2022-08-15T07:48:04.630Z] > git symbolic-ref --short HEAD [1ms]
[2022-08-15T07:48:04.639Z] > git for-each-ref --format=%(refname)%00%(upstream:short)%00%(objectname)%00%(upstream:track)%00%(upstream:remotename)%00%(upstream:remoteref) refs/heads/main refs/remotes/main [0ms]
[2022-08-15T07:48:04.651Z] > git for-each-ref --sort -committerdate --format %(refname) %(objectname) %(*objectname) [6ms]
[2022-08-15T07:48:04.653Z] > git remote --verbose [3ms]
[2022-08-15T07:48:04.664Z] > git config --get commit.template [2ms]
[2022-08-15T07:48:05.946Z] > git status -z -uall [3ms]
[2022-08-15T07:48:05.957Z] > git symbolic-ref --short HEAD [1ms]
[2022-08-15T07:48:05.968Z] > git for-each-ref --format=%(refname)%00%(upstream:short)%00%(objectname)%00%(upstream:track)%00%(upstream:remotename)%00%(upstream:remoteref) refs/heads/main refs/remotes/main [2ms]
[2022-08-15T07:48:06.028Z] > git remote --verbose [1ms]
[2022-08-15T07:48:06.029Z] > git for-each-ref --sort -committerdate --format %(refname) %(objectname) %(*objectname) [10ms]
[2022-08-15T07:48:06.045Z] > git config --get commit.template [2ms]
[2022-08-15T07:51:04.890Z] > git fetch [215ms]
[2022-08-15T07:51:04.900Z] > git status -z -uall [2ms]
[2022-08-15T07:51:04.908Z] > git symbolic-ref --short HEAD [1ms]
[2022-08-15T07:51:04.916Z] > git for-each-ref --format=%(refname)%00%(upstream:short)%00%(objectname)%00%(upstream:track)%00%(upstream:remotename)%00%(upstream:remoteref) refs/heads/main refs/remotes/main [2ms]
[2022-08-15T07:51:04.930Z] > git for-each-ref --sort -committerdate --format %(refname) %(objectname) %(*objectname) [8ms]
[2022-08-15T07:51:04.931Z] > git remote --verbose [4ms]
[2022-08-15T07:51:04.941Z] > git config --get commit.template [1ms]
[2022-08-15T07:51:06.279Z] > git status -z -uall [4ms]
[2022-08-15T07:51:06.289Z] > git symbolic-ref --short HEAD [1ms]
[2022-08-15T07:51:06.296Z] > git for-each-ref --format=%(refname)%00%(upstream:short)%00%(objectname)%00%(upstream:track)%00%(upstream:remotename)%00%(upstream:remoteref) refs/heads/main refs/remotes/main [1ms]
[2022-08-15T07:51:06.308Z] > git for-each-ref --sort -committerdate --format %(refname) %(objectname) %(*objectname) [6ms]
[2022-08-15T07:51:06.309Z] > git remote --verbose [1ms]
[2022-08-15T07:51:06.317Z] > git config --get commit.template [1ms]
[2022-08-15T08:27:00.304Z] > git fetch [295ms]
[2022-08-15T08:27:00.315Z] > git status -z -uall [0ms]
[2022-08-15T08:27:00.324Z] > git symbolic-ref --short HEAD [1ms]
[2022-08-15T08:27:00.333Z] > git for-each-ref --format=%(refname)%00%(upstream:short)%00%(objectname)%00%(upstream:track)%00%(upstream:remotename)%00%(upstream:remoteref) refs/heads/main refs/remotes/main [2ms]
[2022-08-15T08:27:00.346Z] > git for-each-ref --sort -committerdate --format %(refname) %(objectname) %(*objectname) [6ms]
[2022-08-15T08:27:00.347Z] > git remote --verbose [2ms]
[2022-08-15T08:27:00.358Z] > git config --get commit.template [1ms]
[2022-08-15T08:27:01.673Z] > git status -z -uall [2ms]
[2022-08-15T08:27:01.680Z] > git symbolic-ref --short HEAD [0ms]
[2022-08-15T08:27:01.688Z] > git for-each-ref --format=%(refname)%00%(upstream:short)%00%(objectname)%00%(upstream:track)%00%(upstream:remotename)%00%(upstream:remoteref) refs/heads/main refs/remotes/main [1ms]
[2022-08-15T08:27:01.700Z] > git for-each-ref --sort -committerdate --format %(refname) %(objectname) %(*objectname) [5ms]
[2022-08-15T08:27:01.701Z] > git remote --verbose [1ms]
[2022-08-15T08:27:01.709Z] > git config --get commit.template [1ms]
[2022-08-15T08:27:37.698Z] > git rev-parse --show-toplevel [1ms]
[2022-08-15T08:27:37.698Z] fatal: not a git repository (or any parent up to mount point /)
Stopping at filesystem boundary (GIT_DISCOVERY_ACROSS_FILESYSTEM not set).
[2022-08-15T08:28:12.351Z] > git show --textconv :reticulate.R [13ms]
[2022-08-15T08:28:12.353Z] > git ls-files --stage -- /workspaces/vscode_codespaces/reticulate.R [6ms]
[2022-08-15T08:28:12.362Z] > git cat-file -s 2a45847deedccddf64c58390c94bea7b69185303 [2ms]
[2022-08-15T08:30:46.286Z] > git fetch [348ms]
[2022-08-15T08:30:46.299Z] > git status -z -uall [3ms]
[2022-08-15T08:30:46.307Z] > git symbolic-ref --short HEAD [0ms]
[2022-08-15T08:30:46.316Z] > git for-each-ref --format=%(refname)%00%(upstream:short)%00%(objectname)%00%(upstream:track)%00%(upstream:remotename)%00%(upstream:remoteref) refs/heads/main refs/remotes/main [1ms]
[2022-08-15T08:30:46.331Z] > git remote --verbose [1ms]
[2022-08-15T08:30:46.331Z] > git for-each-ref --sort -committerdate --format %(refname) %(objectname) %(*objectname) [8ms]
[2022-08-15T08:30:46.343Z] > git config --get commit.template [0ms]
[2022-08-15T08:30:47.556Z] > git status -z -uall [3ms]
[2022-08-15T08:30:47.564Z] > git symbolic-ref --short HEAD [1ms]
[2022-08-15T08:30:47.571Z] > git for-each-ref --format=%(refname)%00%(upstream:short)%00%(objectname)%00%(upstream:track)%00%(upstream:remotename)%00%(upstream:remoteref) refs/heads/main refs/remotes/main [1ms]
[2022-08-15T08:30:47.585Z] > git remote --verbose [1ms]
[2022-08-15T08:30:47.585Z] > git for-each-ref --sort -committerdate --format %(refname) %(objectname) %(*objectname) [7ms]
[2022-08-15T08:30:47.594Z] > git config --get commit.template [1ms]
[2022-08-15T08:30:47.910Z] > git ls-files --stage -- /workspaces/vscode_codespaces/reticulate.R [1ms]
[2022-08-15T08:30:47.919Z] > git cat-file -s 2a45847deedccddf64c58390c94bea7b69185303 [0ms]
[2022-08-15T08:30:48.224Z] > git show --textconv :reticulate.R [2ms]
[2022-08-15T08:30:50.641Z] > git show --textconv :pandas_check.py [21ms]
[2022-08-15T08:30:50.641Z] > git ls-files --stage -- /workspaces/vscode_codespaces/pandas_check.py [9ms]
[2022-08-15T08:30:50.664Z] > git cat-file -s f06393f7ebc732e8cd33aad720e244293c2c6a5d [11ms]
[2022-08-15T08:31:55.765Z] > git check-ignore -v -z --stdin [1ms]
[2022-08-15T08:31:59.793Z] > git show --textconv :.devcontainer/Dockerfile [15ms]
[2022-08-15T08:31:59.794Z] > git ls-files --stage -- /workspaces/vscode_codespaces/.devcontainer/Dockerfile [2ms]
[2022-08-15T08:31:59.809Z] > git cat-file -s 0e2c78369f722269578ccb08643f27838031b3d4 [1ms]
[2022-08-15T08:32:22.250Z] > git check-ignore -v -z --stdin [1ms]
[2022-08-15T08:32:24.534Z] > git show --textconv :reticulate.R [13ms]
[2022-08-15T08:32:24.535Z] > git ls-files --stage -- /workspaces/vscode_codespaces/reticulate.R [2ms]
[2022-08-15T08:32:24.547Z] > git cat-file -s 2a45847deedccddf64c58390c94bea7b69185303 [1ms]
[2022-08-15T08:33:06.838Z] > git status -z -uall [3ms]
[2022-08-15T08:33:06.849Z] > git symbolic-ref --short HEAD [1ms]
[2022-08-15T08:33:06.866Z] > git for-each-ref --format=%(refname)%00%(upstream:short)%00%(objectname)%00%(upstream:track)%00%(upstream:remotename)%00%(upstream:remoteref) refs/heads/main refs/remotes/main [1ms]
[2022-08-15T08:33:06.885Z] > git for-each-ref --sort -committerdate --format %(refname) %(objectname) %(*objectname) [9ms]
[2022-08-15T08:33:06.886Z] > git remote --verbose [2ms]
[2022-08-15T08:33:06.907Z] > git config --get commit.template [2ms]
[2022-08-15T08:33:18.331Z] > git check-ignore -v -z --stdin [1ms]
[2022-08-15T08:33:22.342Z] > git show --textconv :.devcontainer/devcontainer.json [18ms]
[2022-08-15T08:33:22.343Z] > git ls-files --stage -- /workspaces/vscode_codespaces/.devcontainer/devcontainer.json [2ms]
[2022-08-15T08:33:22.361Z] > git cat-file -s bb948325ff340303d5740b2120a65b479e9eba1d [4ms]
[2022-08-15T08:33:46.795Z] > git fetch [438ms]
[2022-08-15T08:33:46.810Z] > git status -z -uall [2ms]
[2022-08-15T08:33:46.820Z] > git symbolic-ref --short HEAD [1ms]
[2022-08-15T08:33:46.829Z] > git for-each-ref --format=%(refname)%00%(upstream:short)%00%(objectname)%00%(upstream:track)%00%(upstream:remotename)%00%(upstream:remoteref) refs/heads/main refs/remotes/main [1ms]
[2022-08-15T08:33:46.844Z] > git for-each-ref --sort -committerdate --format %(refname) %(objectname) %(*objectname) [8ms]
[2022-08-15T08:33:46.845Z] > git remote --verbose [2ms]
[2022-08-15T08:33:46.856Z] > git config --get commit.template [1ms]
[2022-08-15T08:33:48.136Z] > git status -z -uall [3ms]
[2022-08-15T08:33:48.146Z] > git symbolic-ref --short HEAD [2ms]
[2022-08-15T08:33:48.155Z] > git for-each-ref --format=%(refname)%00%(upstream:short)%00%(objectname)%00%(upstream:track)%00%(upstream:remotename)%00%(upstream:remoteref) refs/heads/main refs/remotes/main [1ms]
[2022-08-15T08:33:48.171Z] > git for-each-ref --sort -committerdate --format %(refname) %(objectname) %(*objectname) [8ms]
[2022-08-15T08:33:48.171Z] > git remote --verbose [1ms]
[2022-08-15T08:33:48.181Z] > git config --get commit.template [2ms]
[2022-08-15T08:33:48.544Z] > git ls-files --stage -- /workspaces/vscode_codespaces/.devcontainer/devcontainer.json [1ms]
[2022-08-15T08:33:48.554Z] > git cat-file -s bb948325ff340303d5740b2120a65b479e9eba1d [1ms]
[2022-08-15T08:33:48.859Z] > git show --textconv :.devcontainer/devcontainer.json [2ms]
[2022-08-15T08:33:56.583Z] > git show --textconv :reticulate.R [9ms]
[2022-08-15T08:33:56.584Z] > git ls-files --stage -- /workspaces/vscode_codespaces/reticulate.R [1ms]
[2022-08-15T08:33:56.594Z] > git cat-file -s 2a45847deedccddf64c58390c94bea7b69185303 [2ms]
[2022-08-15T08:34:02.200Z] > git show --textconv :.devcontainer/devcontainer.json [9ms]
[2022-08-15T08:34:02.201Z] > git ls-files --stage -- /workspaces/vscode_codespaces/.devcontainer/devcontainer.json [1ms]
[2022-08-15T08:34:02.210Z] > git cat-file -s bb948325ff340303d5740b2120a65b479e9eba1d [1ms]
[2022-08-15T08:34:25.445Z] > git status -z -uall [3ms]
[2022-08-15T08:34:25.455Z] > git symbolic-ref --short HEAD [1ms]
[2022-08-15T08:34:25.464Z] > git for-each-ref --format=%(refname)%00%(upstream:short)%00%(objectname)%00%(upstream:track)%00%(upstream:remotename)%00%(upstream:remoteref) refs/heads/main refs/remotes/main [1ms]
[2022-08-15T08:34:25.481Z] > git for-each-ref --sort -committerdate --format %(refname) %(objectname) %(*objectname) [9ms]
[2022-08-15T08:34:25.481Z] > git remote --verbose [1ms]
[2022-08-15T08:34:25.498Z] > git config --get commit.template [2ms]
[2022-08-15T08:36:38.641Z] > git status -z -uall [3ms]
[2022-08-15T08:36:38.651Z] > git symbolic-ref --short HEAD [2ms]
[2022-08-15T08:36:38.660Z] > git for-each-ref --format=%(refname)%00%(upstream:short)%00%(objectname)%00%(upstream:track)%00%(upstream:remotename)%00%(upstream:remoteref) refs/heads/main refs/remotes/main [1ms]
[2022-08-15T08:36:38.675Z] > git for-each-ref --sort -committerdate --format %(refname) %(objectname) %(*objectname) [8ms]
[2022-08-15T08:36:38.676Z] > git remote --verbose [2ms]
[2022-08-15T08:36:38.687Z] > git config --get commit.template [1ms]
[2022-08-15T08:36:47.206Z] > git fetch [335ms]
[2022-08-15T08:36:47.220Z] > git status -z -uall [1ms]
[2022-08-15T08:36:47.231Z] > git symbolic-ref --short HEAD [2ms]
[2022-08-15T08:36:47.240Z] > git for-each-ref --format=%(refname)%00%(upstream:short)%00%(objectname)%00%(upstream:track)%00%(upstream:remotename)%00%(upstream:remoteref) refs/heads/main refs/remotes/main [1ms]
[2022-08-15T08:36:47.255Z] > git for-each-ref --sort -committerdate --format %(refname) %(objectname) %(*objectname) [8ms]
[2022-08-15T08:36:47.256Z] > git remote --verbose [1ms]
[2022-08-15T08:36:47.266Z] > git config --get commit.template [1ms]
[2022-08-15T08:36:48.552Z] > git status -z -uall [3ms]
[2022-08-15T08:36:48.561Z] > git symbolic-ref --short HEAD [1ms]
[2022-08-15T08:36:48.569Z] > git for-each-ref --format=%(refname)%00%(upstream:short)%00%(objectname)%00%(upstream:track)%00%(upstream:remotename)%00%(upstream:remoteref) refs/heads/main refs/remotes/main [1ms]
[2022-08-15T08:36:48.584Z] > git for-each-ref --sort -committerdate --format %(refname) %(objectname) %(*objectname) [8ms]
[2022-08-15T08:36:48.584Z] > git remote --verbose [1ms]
[2022-08-15T08:36:48.594Z] > git config --get commit.template [1ms]
[2022-08-15T08:36:48.956Z] > git ls-files --stage -- /workspaces/vscode_codespaces/.devcontainer/devcontainer.json [2ms]
[2022-08-15T08:36:48.965Z] > git cat-file -s bb948325ff340303d5740b2120a65b479e9eba1d [1ms]
[2022-08-15T08:36:49.294Z] > git show --textconv :.devcontainer/devcontainer.json [1ms]
[2022-08-15T08:38:10.356Z] > git status -z -uall [3ms]
[2022-08-15T08:38:10.365Z] > git symbolic-ref --short HEAD [1ms]
[2022-08-15T08:38:10.375Z] > git for-each-ref --format=%(refname)%00%(upstream:short)%00%(objectname)%00%(upstream:track)%00%(upstream:remotename)%00%(upstream:remoteref) refs/heads/main refs/remotes/main [2ms]
[2022-08-15T08:38:10.390Z] > git for-each-ref --sort -committerdate --format %(refname) %(objectname) %(*objectname) [8ms]
[2022-08-15T08:38:10.391Z] > git remote --verbose [2ms]
[2022-08-15T08:38:10.403Z] > git config --get commit.template [1ms]
[2022-08-15T08:38:35.739Z] > git status -z -uall [3ms]
[2022-08-15T08:38:35.749Z] > git symbolic-ref --short HEAD [2ms]
[2022-08-15T08:38:35.758Z] > git for-each-ref --format=%(refname)%00%(upstream:short)%00%(objectname)%00%(upstream:track)%00%(upstream:remotename)%00%(upstream:remoteref) refs/heads/main refs/remotes/main [2ms]
[2022-08-15T08:38:35.772Z] > git for-each-ref --sort -committerdate --format %(refname) %(objectname) %(*objectname) [7ms]
[2022-08-15T08:38:35.773Z] > git remote --verbose [2ms]
[2022-08-15T08:38:35.782Z] > git config --get commit.template [1ms]
[2022-08-15T08:38:54.176Z] > git show --textconv :reticulate.R [9ms]
[2022-08-15T08:38:54.177Z] > git ls-files --stage -- /workspaces/vscode_codespaces/reticulate.R [1ms]
[2022-08-15T08:38:54.186Z] > git cat-file -s 2a45847deedccddf64c58390c94bea7b69185303 [1ms]
[2022-08-15T08:39:03.597Z] > git show --textconv :.devcontainer/devcontainer.json [9ms]
[2022-08-15T08:39:03.598Z] > git ls-files --stage -- /workspaces/vscode_codespaces/.devcontainer/devcontainer.json [3ms]
[2022-08-15T08:39:03.606Z] > git cat-file -s bb948325ff340303d5740b2120a65b479e9eba1d [1ms]
[2022-08-15T08:39:09.650Z] > git show --textconv :pandas_check.py [13ms]
[2022-08-15T08:39:09.650Z] > git ls-files --stage -- /workspaces/vscode_codespaces/pandas_check.py [2ms]
[2022-08-15T08:39:09.660Z] > git cat-file -s f06393f7ebc732e8cd33aad720e244293c2c6a5d [1ms]
[2022-08-15T08:39:12.581Z] > git show --textconv :reticulate.R [9ms]
[2022-08-15T08:39:12.582Z] > git ls-files --stage -- /workspaces/vscode_codespaces/reticulate.R [1ms]
[2022-08-15T08:39:12.591Z] > git cat-file -s 2a45847deedccddf64c58390c94bea7b69185303 [1ms]
[2022-08-15T08:39:47.612Z] > git fetch [332ms]
[2022-08-15T08:39:47.626Z] > git status -z -uall [2ms]
[2022-08-15T08:39:47.635Z] > git symbolic-ref --short HEAD [1ms]
[2022-08-15T08:39:47.646Z] > git for-each-ref --format=%(refname)%00%(upstream:short)%00%(objectname)%00%(upstream:track)%00%(upstream:remotename)%00%(upstream:remoteref) refs/heads/main refs/remotes/main [3ms]
[2022-08-15T08:39:47.662Z] > git for-each-ref --sort -committerdate --format %(refname) %(objectname) %(*objectname) [8ms]
[2022-08-15T08:39:47.663Z] > git remote --verbose [2ms]
[2022-08-15T08:39:47.674Z] > git config --get commit.template [1ms]
[2022-08-15T08:39:49.061Z] > git status -z -uall [2ms]
[2022-08-15T08:39:49.071Z] > git symbolic-ref --short HEAD [1ms]
[2022-08-15T08:39:49.080Z] > git for-each-ref --format=%(refname)%00%(upstream:short)%00%(objectname)%00%(upstream:track)%00%(upstream:remotename)%00%(upstream:remoteref) refs/heads/main refs/remotes/main [0ms]
[2022-08-15T08:39:49.096Z] > git for-each-ref --sort -committerdate --format %(refname) %(objectname) %(*objectname) [8ms]
[2022-08-15T08:39:49.096Z] > git remote --verbose [1ms]
[2022-08-15T08:39:49.107Z] > git config --get commit.template [1ms]
[2022-08-15T08:39:49.516Z] > git ls-files --stage -- /workspaces/vscode_codespaces/reticulate.R [3ms]
[2022-08-15T08:39:49.525Z] > git cat-file -s 2a45847deedccddf64c58390c94bea7b69185303 [1ms]
[2022-08-15T08:39:49.806Z] > git show --textconv :reticulate.R [1ms]
[2022-08-15T08:40:50.337Z] > git check-ignore -v -z --stdin [2ms]
[2022-08-15T08:40:51.541Z] > git check-ignore -v -z --stdin [2ms]
[2022-08-15T08:41:02.607Z] > git check-ignore -v -z --stdin [1ms]
[2022-08-15T08:41:03.162Z] > git show --textconv :rstudio/rstudio/.vscode-remote/extensions/reditorsupport.r-2.5.2/package.json [13ms]
[2022-08-15T08:41:03.163Z] > git ls-files --stage -- /workspaces/vscode_codespaces/rstudio/rstudio/.vscode-remote/extensions/reditorsupport.r-2.5.2/package.json [2ms]
[2022-08-15T08:42:48.028Z] > git fetch [339ms]
[2022-08-15T08:42:48.042Z] > git status -z -uall [2ms]
[2022-08-15T08:42:48.052Z] > git symbolic-ref --short HEAD [1ms]
[2022-08-15T08:42:48.061Z] > git for-each-ref --format=%(refname)%00%(upstream:short)%00%(objectname)%00%(upstream:track)%00%(upstream:remotename)%00%(upstream:remoteref) refs/heads/main refs/remotes/main [1ms]
[2022-08-15T08:42:48.077Z] > git for-each-ref --sort -committerdate --format %(refname) %(objectname) %(*objectname) [9ms]
[2022-08-15T08:42:48.077Z] > git remote --verbose [1ms]
[2022-08-15T08:42:48.088Z] > git config --get commit.template [1ms]
[2022-08-15T08:42:49.370Z] > git status -z -uall [2ms]
[2022-08-15T08:42:49.380Z] > git symbolic-ref --short HEAD [1ms]
[2022-08-15T08:42:49.389Z] > git for-each-ref --format=%(refname)%00%(upstream:short)%00%(objectname)%00%(upstream:track)%00%(upstream:remotename)%00%(upstream:remoteref) refs/heads/main refs/remotes/main [1ms]
[2022-08-15T08:42:49.404Z] > git for-each-ref --sort -committerdate --format %(refname) %(objectname) %(*objectname) [7ms]
[2022-08-15T08:42:49.405Z] > git remote --verbose [2ms]
[2022-08-15T08:42:49.416Z] > git config --get commit.template [1ms]
[2022-08-15T08:42:49.686Z] > git ls-files --stage -- /workspaces/vscode_codespaces/rstudio/rstudio/.vscode-remote/extensions/reditorsupport.r-2.5.2/package.json [2ms]
[2022-08-15T08:42:50.041Z] > git show --textconv :rstudio/rstudio/.vscode-remote/extensions/reditorsupport.r-2.5.2/package.json [2ms]
[2022-08-15T08:43:19.955Z] > git check-ignore -v -z --stdin [1ms]
[2022-08-15T08:44:18.736Z] > git show --textconv :.devcontainer/devcontainer.json [10ms]
[2022-08-15T08:44:18.737Z] > git ls-files --stage -- /workspaces/vscode_codespaces/.devcontainer/devcontainer.json [2ms]
[2022-08-15T08:44:18.746Z] > git cat-file -s bb948325ff340303d5740b2120a65b479e9eba1d [1ms]
[2022-08-15T08:44:30.268Z] > git show --textconv :rstudio/rstudio/.vscode-remote/extensions/reditorsupport.r-2.5.2/package.json [10ms]
[2022-08-15T08:44:30.269Z] > git ls-files --stage -- /workspaces/vscode_codespaces/rstudio/rstudio/.vscode-remote/extensions/reditorsupport.r-2.5.2/package.json [1ms]
[2022-08-15T08:44:33.338Z] > git show --textconv :reticulate.R [9ms]
[2022-08-15T08:44:33.339Z] > git ls-files --stage -- /workspaces/vscode_codespaces/reticulate.R [1ms]
[2022-08-15T08:44:33.348Z] > git cat-file -s 2a45847deedccddf64c58390c94bea7b69185303 [1ms]
[2022-08-15T08:45:48.434Z] > git fetch [332ms]
[2022-08-15T08:45:48.447Z] > git status -z -uall [2ms]
[2022-08-15T08:45:48.459Z] > git symbolic-ref --short HEAD [2ms]
[2022-08-15T08:45:48.467Z] > git for-each-ref --format=%(refname)%00%(upstream:short)%00%(objectname)%00%(upstream:track)%00%(upstream:remotename)%00%(upstream:remoteref) refs/heads/main refs/remotes/main [1ms]
[2022-08-15T08:45:48.482Z] > git for-each-ref --sort -committerdate --format %(refname) %(objectname) %(*objectname) [8ms]
[2022-08-15T08:45:48.483Z] > git remote --verbose [2ms]
[2022-08-15T08:45:48.494Z] > git config --get commit.template [1ms]
[2022-08-15T08:45:49.777Z] > git status -z -uall [3ms]
[2022-08-15T08:45:49.787Z] > git symbolic-ref --short HEAD [1ms]
[2022-08-15T08:45:49.795Z] > git for-each-ref --format=%(refname)%00%(upstream:short)%00%(objectname)%00%(upstream:track)%00%(upstream:remotename)%00%(upstream:remoteref) refs/heads/main refs/remotes/main [1ms]
[2022-08-15T08:45:49.810Z] > git for-each-ref --sort -committerdate --format %(refname) %(objectname) %(*objectname) [8ms]
[2022-08-15T08:45:49.811Z] > git remote --verbose [1ms]
[2022-08-15T08:45:49.823Z] > git config --get commit.template [1ms]
[2022-08-15T08:45:50.104Z] > git ls-files --stage -- /workspaces/vscode_codespaces/reticulate.R [1ms]
[2022-08-15T08:45:50.116Z] > git cat-file -s 2a45847deedccddf64c58390c94bea7b69185303 [2ms]
[2022-08-15T08:45:50.447Z] > git show --textconv :reticulate.R [1ms]
[2022-08-15T08:46:21.351Z] > git show --textconv :pandas_check.py [9ms]
[2022-08-15T08:46:21.352Z] > git ls-files --stage -- /workspaces/vscode_codespaces/pandas_check.py [2ms]
[2022-08-15T08:46:21.361Z] > git cat-file -s f06393f7ebc732e8cd33aad720e244293c2c6a5d [1ms]
[2022-08-15T08:46:43.778Z] > git show --textconv :reticulate.R [9ms]
[2022-08-15T08:46:43.779Z] > git ls-files --stage -- /workspaces/vscode_codespaces/reticulate.R [1ms]
[2022-08-15T08:46:43.787Z] > git cat-file -s 2a45847deedccddf64c58390c94bea7b69185303 [1ms]
[2022-08-15T08:47:52.157Z] > git status -z -uall [3ms]
[2022-08-15T08:47:52.167Z] > git symbolic-ref --short HEAD [1ms]
[2022-08-15T08:47:52.175Z] > git for-each-ref --format=%(refname)%00%(upstream:short)%00%(objectname)%00%(upstream:track)%00%(upstream:remotename)%00%(upstream:remoteref) refs/heads/main refs/remotes/main [1ms]
[2022-08-15T08:47:52.190Z] > git for-each-ref --sort -committerdate --format %(refname) %(objectname) %(*objectname) [8ms]
[2022-08-15T08:47:52.190Z] > git remote --verbose [1ms]
[2022-08-15T08:47:52.201Z] > git config --get commit.template [1ms]
[2022-08-15T08:48:32.962Z] > git status -z -uall [3ms]
[2022-08-15T08:48:32.972Z] > git symbolic-ref --short HEAD [1ms]
[2022-08-15T08:48:32.983Z] > git for-each-ref --format=%(refname)%00%(upstream:short)%00%(objectname)%00%(upstream:track)%00%(upstream:remotename)%00%(upstream:remoteref) refs/heads/main refs/remotes/main [1ms]
[2022-08-15T08:48:33.001Z] > git remote --verbose [2ms]
[2022-08-15T08:48:33.001Z] > git for-each-ref --sort -committerdate --format %(refname) %(objectname) %(*objectname) [10ms]
[2022-08-15T08:48:33.013Z] > git config --get commit.template [1ms]
[2022-08-15T08:48:37.761Z] > git show --textconv HEAD:.devcontainer/devcontainer.json [11ms]
[2022-08-15T08:48:37.762Z] > git ls-tree -l HEAD -- /workspaces/vscode_codespaces/.devcontainer/devcontainer.json [2ms]
[2022-08-15T08:48:48.832Z] > git fetch [322ms]
[2022-08-15T08:48:48.846Z] > git status -z -uall [2ms]
[2022-08-15T08:48:48.858Z] > git symbolic-ref --short HEAD [2ms]
[2022-08-15T08:48:48.867Z] > git for-each-ref --format=%(refname)%00%(upstream:short)%00%(objectname)%00%(upstream:track)%00%(upstream:remotename)%00%(upstream:remoteref) refs/heads/main refs/remotes/main [1ms]
[2022-08-15T08:48:48.883Z] > git for-each-ref --sort -committerdate --format %(refname) %(objectname) %(*objectname) [8ms]
[2022-08-15T08:48:48.884Z] > git remote --verbose [2ms]
[2022-08-15T08:48:48.893Z] > git config --get commit.template [1ms]
[2022-08-15T08:48:50.089Z] > git status -z -uall [2ms]
[2022-08-15T08:48:50.099Z] > git symbolic-ref --short HEAD [1ms]
[2022-08-15T08:48:50.108Z] > git for-each-ref --format=%(refname)%00%(upstream:short)%00%(objectname)%00%(upstream:track)%00%(upstream:remotename)%00%(upstream:remoteref) refs/heads/main refs/remotes/main [1ms]
[2022-08-15T08:48:50.123Z] > git for-each-ref --sort -committerdate --format %(refname) %(objectname) %(*objectname) [7ms]
[2022-08-15T08:48:50.123Z] > git remote --verbose [1ms]
[2022-08-15T08:48:50.134Z] > git config --get commit.template [1ms]
[2022-08-15T08:48:50.535Z] > git ls-tree -l HEAD -- /workspaces/vscode_codespaces/.devcontainer/devcontainer.json [1ms]
[2022-08-15T08:48:50.894Z] > git show --textconv HEAD:.devcontainer/devcontainer.json [2ms]
[2022-08-15T08:48:55.151Z] > git status -z -uall [3ms]
[2022-08-15T08:48:55.161Z] > git symbolic-ref --short HEAD [1ms]
[2022-08-15T08:48:55.170Z] > git for-each-ref --format=%(refname)%00%(upstream:short)%00%(objectname)%00%(upstream:track)%00%(upstream:remotename)%00%(upstream:remoteref) refs/heads/main refs/remotes/main [1ms]
[2022-08-15T08:48:55.188Z] > git for-each-ref --sort -committerdate --format %(refname) %(objectname) %(*objectname) [8ms]
[2022-08-15T08:48:55.188Z] > git remote --verbose [1ms]
[2022-08-15T08:48:55.198Z] > git config --get commit.template [1ms]
[2022-08-15T08:48:58.049Z] > git add -A -- . [3ms]
[2022-08-15T08:48:58.069Z] > git -c user.useConfigOnly=true commit --quiet --allow-empty-message --file - [11ms]
[2022-08-15T08:48:58.079Z] > git status -z -uall [1ms]
[2022-08-15T08:48:58.088Z] > git symbolic-ref --short HEAD [1ms]
[2022-08-15T08:48:58.096Z] > git for-each-ref --format=%(refname)%00%(upstream:short)%00%(objectname)%00%(upstream:track)%00%(upstream:remotename)%00%(upstream:remoteref) refs/heads/main refs/remotes/main [1ms]
[2022-08-15T08:48:58.111Z] > git for-each-ref --sort -committerdate --format %(refname) %(objectname) %(*objectname) [8ms]
[2022-08-15T08:48:58.111Z] > git remote --verbose [1ms]
[2022-08-15T08:48:58.179Z] > git config --get commit.template [1ms]
[2022-08-15T08:48:58.190Z] > git config --get commit.template [2ms]
[2022-08-15T08:48:58.502Z] > git config --local branch.main.github-pr-owner-number [18ms]
[2022-08-15T08:48:59.760Z] > git ls-tree -l HEAD -- /workspaces/vscode_codespaces/.devcontainer/devcontainer.json [1ms]
[2022-08-15T08:49:00.027Z] > git show --textconv HEAD:.devcontainer/devcontainer.json [2ms]
[2022-08-15T08:49:00.215Z] > git status -z -uall [2ms]
[2022-08-15T08:49:00.226Z] > git symbolic-ref --short HEAD [2ms]
[2022-08-15T08:49:00.236Z] > git for-each-ref --format=%(refname)%00%(upstream:short)%00%(objectname)%00%(upstream:track)%00%(upstream:remotename)%00%(upstream:remoteref) refs/heads/main refs/remotes/main [2ms]
[2022-08-15T08:49:00.251Z] > git for-each-ref --sort -committerdate --format %(refname) %(objectname) %(*objectname) [8ms]
[2022-08-15T08:49:00.252Z] > git remote --verbose [2ms]
[2022-08-15T08:49:00.261Z] > git config --get commit.template [1ms]
[2022-08-15T08:49:03.328Z] > git log --oneline --cherry main...main@{upstream} -- [2ms]
[2022-08-15T08:49:03.683Z] > git pull --tags origin main [346ms]
[2022-08-15T08:49:03.683Z] From https://github.com/JohnGavin/vscode_codespaces
 * branch            main       -> FETCH_HEAD
[2022-08-15T08:49:04.818Z] > git push origin main:main [1123ms]
[2022-08-15T08:49:04.818Z] To https://github.com/JohnGavin/vscode_codespaces
   04cd797..05b0598  main -> main
[2022-08-15T08:49:04.831Z] > git status -z -uall [2ms]
[2022-08-15T08:49:04.840Z] > git symbolic-ref --short HEAD [1ms]
[2022-08-15T08:49:04.849Z] > git for-each-ref --format=%(refname)%00%(upstream:short)%00%(objectname)%00%(upstream:track)%00%(upstream:remotename)%00%(upstream:remoteref) refs/heads/main refs/remotes/main [1ms]
[2022-08-15T08:49:04.865Z] > git for-each-ref --sort -committerdate --format %(refname) %(objectname) %(*objectname) [8ms]
[2022-08-15T08:49:04.866Z] > git remote --verbose [2ms]
[2022-08-15T08:49:04.877Z] > git config --get commit.template [1ms]
[2022-08-15T08:49:05.161Z] > git config --local branch.main.github-pr-owner-number [35ms]
[2022-08-15T08:49:05.276Z] > git status -z -uall [2ms]
[2022-08-15T08:49:05.285Z] > git symbolic-ref --short HEAD [1ms]
[2022-08-15T08:49:05.294Z] > git for-each-ref --format=%(refname)%00%(upstream:short)%00%(objectname)%00%(upstream:track)%00%(upstream:remotename)%00%(upstream:remoteref) refs/heads/main refs/remotes/main [2ms]
[2022-08-15T08:49:05.308Z] > git for-each-ref --sort -committerdate --format %(refname) %(objectname) %(*objectname) [7ms]
[2022-08-15T08:49:05.309Z] > git remote --verbose [1ms]
[2022-08-15T08:49:05.334Z] > git config --get commit.template [17ms]
[2022-08-15T08:49:05.354Z] > git ls-tree -l HEAD -- /workspaces/vscode_codespaces/.devcontainer/devcontainer.json [0ms]
[2022-08-15T08:49:05.670Z] > git show --textconv HEAD:.devcontainer/devcontainer.json [2ms]
[2022-08-15T08:49:06.524Z] > git ls-tree -l HEAD -- /workspaces/vscode_codespaces/.devcontainer/devcontainer.json [2ms]
[2022-08-15T08:49:06.857Z] > git show --textconv HEAD:.devcontainer/devcontainer.json [2ms]
[2022-08-15T08:49:10.350Z] > git status -z -uall [3ms]
[2022-08-15T08:49:10.360Z] > git symbolic-ref --short HEAD [1ms]
[2022-08-15T08:49:10.369Z] > git for-each-ref --format=%(refname)%00%(upstream:short)%00%(objectname)%00%(upstream:track)%00%(upstream:remotename)%00%(upstream:remoteref) refs/heads/main refs/remotes/main [1ms]
[2022-08-15T08:49:10.385Z] > git for-each-ref --sort -committerdate --format %(refname) %(objectname) %(*objectname) [8ms]
[2022-08-15T08:49:10.385Z] > git remote --verbose [1ms]
[2022-08-15T08:49:10.396Z] > git config --get commit.template [1ms]
[2022-08-15T08:49:33.819Z] > git show --textconv :reticulate.R [10ms]
[2022-08-15T08:49:33.820Z] > git ls-files --stage -- /workspaces/vscode_codespaces/reticulate.R [1ms]
[2022-08-15T08:49:33.829Z] > git cat-file -s 6253440ccda7c85c8fcdcad57b442c3166107361 [1ms]
[2022-08-15T08:49:38.551Z] > git show --textconv :pandas_check.py [11ms]
[2022-08-15T08:49:38.552Z] > git ls-files --stage -- /workspaces/vscode_codespaces/pandas_check.py [2ms]
[2022-08-15T08:49:38.561Z] > git cat-file -s f06393f7ebc732e8cd33aad720e244293c2c6a5d [1ms]
[2022-08-15T08:49:41.279Z] > git show --textconv :rstudio/rstudio/.vscode-remote/extensions/reditorsupport.r-2.5.2/package.json [10ms]
[2022-08-15T08:49:41.282Z] > git ls-files --stage -- /workspaces/vscode_codespaces/rstudio/rstudio/.vscode-remote/extensions/reditorsupport.r-2.5.2/package.json [4ms]
[2022-08-15T08:49:45.790Z] > git show --textconv :.devcontainer/Dockerfile [10ms]
[2022-08-15T08:49:45.791Z] > git ls-files --stage -- /workspaces/vscode_codespaces/.devcontainer/Dockerfile [1ms]
[2022-08-15T08:49:45.801Z] > git cat-file -s 0e2c78369f722269578ccb08643f27838031b3d4 [2ms]
[2022-08-15T08:51:50.044Z] > git fetch [326ms]
[2022-08-15T08:51:50.058Z] > git status -z -uall [2ms]
[2022-08-15T08:51:50.069Z] > git symbolic-ref --short HEAD [1ms]
[2022-08-15T08:51:50.082Z] > git for-each-ref --format=%(refname)%00%(upstream:short)%00%(objectname)%00%(upstream:track)%00%(upstream:remotename)%00%(upstream:remoteref) refs/heads/main refs/remotes/main [2ms]
[2022-08-15T08:51:50.101Z] > git for-each-ref --sort -committerdate --format %(refname) %(objectname) %(*objectname) [10ms]
[2022-08-15T08:51:50.101Z] > git remote --verbose [1ms]
[2022-08-15T08:51:50.115Z] > git config --get commit.template [1ms]
[2022-08-15T08:51:51.447Z] > git status -z -uall [14ms]
[2022-08-15T08:51:51.458Z] > git symbolic-ref --short HEAD [1ms]
[2022-08-15T08:51:51.470Z] > git for-each-ref --format=%(refname)%00%(upstream:short)%00%(objectname)%00%(upstream:track)%00%(upstream:remotename)%00%(upstream:remoteref) refs/heads/main refs/remotes/main [2ms]
[2022-08-15T08:51:51.489Z] > git for-each-ref --sort -committerdate --format %(refname) %(objectname) %(*objectname) [9ms]
[2022-08-15T08:51:51.490Z] > git remote --verbose [2ms]
[2022-08-15T08:51:51.501Z] > git config --get commit.template [1ms]
[2022-08-15T08:51:51.797Z] > git ls-files --stage -- /workspaces/vscode_codespaces/.devcontainer/Dockerfile [1ms]
[2022-08-15T08:51:51.808Z] > git cat-file -s 0e2c78369f722269578ccb08643f27838031b3d4 [1ms]
[2022-08-15T08:51:52.061Z] > git show --textconv :.devcontainer/Dockerfile [2ms]
[2022-08-15T08:51:56.537Z] > git status -z -uall [19ms]
[2022-08-15T08:51:56.550Z] > git symbolic-ref --short HEAD [2ms]
[2022-08-15T08:51:56.562Z] > git for-each-ref --format=%(refname)%00%(upstream:short)%00%(objectname)%00%(upstream:track)%00%(upstream:remotename)%00%(upstream:remoteref) refs/heads/main refs/remotes/main [2ms]
[2022-08-15T08:51:56.582Z] > git for-each-ref --sort -committerdate --format %(refname) %(objectname) %(*objectname) [8ms]
[2022-08-15T08:51:56.582Z] > git remote --verbose [1ms]
[2022-08-15T08:51:56.592Z] > git config --get commit.template [1ms]
[2022-08-15T08:55:19.078Z] > git fetch [333ms]
[2022-08-15T08:55:19.091Z] > git status -z -uall [2ms]
[2022-08-15T08:55:19.101Z] > git symbolic-ref --short HEAD [2ms]
[2022-08-15T08:55:19.110Z] > git for-each-ref --format=%(refname)%00%(upstream:short)%00%(objectname)%00%(upstream:track)%00%(upstream:remotename)%00%(upstream:remoteref) refs/heads/main refs/remotes/main [2ms]
[2022-08-15T08:55:19.124Z] > git for-each-ref --sort -committerdate --format %(refname) %(objectname) %(*objectname) [7ms]
[2022-08-15T08:55:19.124Z] > git remote --verbose [1ms]
[2022-08-15T08:55:19.135Z] > git config --get commit.template [1ms]
[2022-08-15T08:55:20.437Z] > git status -z -uall [2ms]
[2022-08-15T08:55:20.447Z] > git symbolic-ref --short HEAD [1ms]
[2022-08-15T08:55:20.455Z] > git for-each-ref --format=%(refname)%00%(upstream:short)%00%(objectname)%00%(upstream:track)%00%(upstream:remotename)%00%(upstream:remoteref) refs/heads/main refs/remotes/main [1ms]
[2022-08-15T08:55:20.470Z] > git for-each-ref --sort -committerdate --format %(refname) %(objectname) %(*objectname) [8ms]
[2022-08-15T08:55:20.470Z] > git remote --verbose [1ms]
[2022-08-15T08:55:20.479Z] > git config --get commit.template [1ms]
[2022-08-15T08:55:20.794Z] > git ls-files --stage -- /workspaces/vscode_codespaces/.devcontainer/Dockerfile [1ms]
[2022-08-15T08:55:20.804Z] > git cat-file -s 0e2c78369f722269578ccb08643f27838031b3d4 [1ms]
[2022-08-15T08:55:21.075Z] > git show --textconv :.devcontainer/Dockerfile [2ms]
[2022-08-15T08:58:15.303Z] > git status -z -uall [3ms]
[2022-08-15T08:58:15.315Z] > git symbolic-ref --short HEAD [2ms]
[2022-08-15T08:58:15.324Z] > git for-each-ref --format=%(refname)%00%(upstream:short)%00%(objectname)%00%(upstream:track)%00%(upstream:remotename)%00%(upstream:remoteref) refs/heads/main refs/remotes/main [1ms]
[2022-08-15T08:58:15.339Z] > git for-each-ref --sort -committerdate --format %(refname) %(objectname) %(*objectname) [8ms]
[2022-08-15T08:58:15.340Z] > git remote --verbose [2ms]
[2022-08-15T08:58:15.350Z] > git config --get commit.template [1ms]
[2022-08-15T08:58:19.483Z] > git fetch [333ms]
[2022-08-15T08:58:19.496Z] > git status -z -uall [1ms]
[2022-08-15T08:58:19.506Z] > git symbolic-ref --short HEAD [1ms]
[2022-08-15T08:58:19.514Z] > git for-each-ref --format=%(refname)%00%(upstream:short)%00%(objectname)%00%(upstream:track)%00%(upstream:remotename)%00%(upstream:remoteref) refs/heads/main refs/remotes/main [1ms]
[2022-08-15T08:58:19.528Z] > git for-each-ref --sort -committerdate --format %(refname) %(objectname) %(*objectname) [7ms]
[2022-08-15T08:58:19.529Z] > git remote --verbose [2ms]
[2022-08-15T08:58:19.541Z] > git config --get commit.template [1ms]
[2022-08-15T08:58:20.366Z] > git status -z -uall [2ms]
[2022-08-15T08:58:20.377Z] > git symbolic-ref --short HEAD [2ms]
[2022-08-15T08:58:20.385Z] > git for-each-ref --format=%(refname)%00%(upstream:short)%00%(objectname)%00%(upstream:track)%00%(upstream:remotename)%00%(upstream:remoteref) refs/heads/main refs/remotes/main [1ms]
[2022-08-15T08:58:20.399Z] > git for-each-ref --sort -committerdate --format %(refname) %(objectname) %(*objectname) [7ms]
[2022-08-15T08:58:20.400Z] > git remote --verbose [1ms]
[2022-08-15T08:58:20.409Z] > git config --get commit.template [2ms]
[2022-08-15T08:58:21.197Z] > git ls-files --stage -- /workspaces/vscode_codespaces/.devcontainer/Dockerfile [1ms]
[2022-08-15T08:58:21.207Z] > git cat-file -s 0e2c78369f722269578ccb08643f27838031b3d4 [1ms]
[2022-08-15T08:58:21.554Z] > git show --textconv :.devcontainer/Dockerfile [2ms]
[2022-08-15T08:58:25.425Z] > git status -z -uall [2ms]
[2022-08-15T08:58:25.434Z] > git symbolic-ref --short HEAD [1ms]
[2022-08-15T08:58:25.443Z] > git for-each-ref --format=%(refname)%00%(upstream:short)%00%(objectname)%00%(upstream:track)%00%(upstream:remotename)%00%(upstream:remoteref) refs/heads/main refs/remotes/main [1ms]
[2022-08-15T08:58:25.458Z] > git for-each-ref --sort -committerdate --format %(refname) %(objectname) %(*objectname) [7ms]
[2022-08-15T08:58:25.459Z] > git remote --verbose [1ms]
[2022-08-15T08:58:25.470Z] > git config --get commit.template [1ms]
[2022-08-15T08:58:30.489Z] > git status -z -uall [3ms]
[2022-08-15T08:58:30.502Z] > git symbolic-ref --short HEAD [4ms]
[2022-08-15T08:58:30.511Z] > git for-each-ref --format=%(refname)%00%(upstream:short)%00%(objectname)%00%(upstream:track)%00%(upstream:remotename)%00%(upstream:remoteref) refs/heads/main refs/remotes/main [2ms]
[2022-08-15T08:58:30.530Z] > git for-each-ref --sort -committerdate --format %(refname) %(objectname) %(*objectname) [12ms]
[2022-08-15T08:58:30.531Z] > git remote --verbose [4ms]
[2022-08-15T08:58:30.547Z] > git config --get commit.template [6ms]
