[2022-08-15 07:45:02.289] [exthost] [info] Extension host with pid 884 started
[2022-08-15 07:45:02.319] [exthost] [info] Lock '/home/rstudio/.vscode-remote/data/User/workspaceStorage/17945fb6722dc0df72014700ce304a42/vscode.lock': Lock acquired.
[2022-08-15 07:45:02.593] [exthost] [info] ExtensionService#_doActivateExtension vscode.debug-auto-launch, startup: true, activationEvent: '*'
[2022-08-15 07:45:02.603] [exthost] [info] ExtensionService#_doActivateExtension vscode.git-base, startup: true, activationEvent: '*', root cause: vscode.git
[2022-08-15 07:45:02.609] [exthost] [info] ExtensionService#_doActivateExtension vscode.ipynb, startup: true, activationEvent: '*'
[2022-08-15 07:45:03.016] [exthost] [info] ExtensionService#_doActivateExtension vscode.git, startup: true, activationEvent: '*'
[2022-08-15 07:45:03.149] [exthost] [info] ExtensionService#_doActivateExtension vscode.github, startup: true, activationEvent: '*'
[2022-08-15 07:45:03.742] [exthost] [info] ExtensionService#_doActivateExtension GitHub.vscode-pull-request-github, startup: true, activationEvent: '*'
[2022-08-15 07:45:05.043] [exthost] [info] ExtensionService#_doActivateExtension REditorSupport.r, startup: false, activationEvent: 'workspaceContains:**/*.{rproj,Rproj,r,R,rd,Rd,rmd,Rmd}'
[2022-08-15 07:45:07.015] [exthost] [info] ExtensionService#_doActivateExtension vscode.emmet, startup: false, activationEvent: 'onStartupFinished'
[2022-08-15 07:45:07.040] [exthost] [info] ExtensionService#_doActivateExtension vscode.merge-conflict, startup: false, activationEvent: 'onStartupFinished'
[2022-08-15 07:45:07.046] [exthost] [info] Eager extensions activated
[2022-08-15 08:30:48.586] [exthost] [info] ExtensionService#_doActivateExtension ms-python.python, startup: false, activationEvent: 'onLanguage:python'
[2022-08-15 08:30:48.901] [exthost] [info] ExtensionService#_doActivateExtension ms-toolsai.jupyter, startup: false, activationEvent: 'onLanguage:python'
[2022-08-15 08:30:50.559] [exthost] [info] ExtensionService#_doActivateExtension ms-toolsai.jupyter-renderers, startup: false, activationEvent: 'api', root cause: ms-toolsai.jupyter
[2022-08-15 08:30:51.407] [exthost] [info] ExtensionService#_doActivateExtension ms-python.vscode-pylance, startup: false, activationEvent: 'onLanguage:python'
[2022-08-15 08:30:53.364] [exthost] [info] ExtensionService#_doActivateExtension vscode.configuration-editing, startup: false, activationEvent: 'onLanguage:jsonc'
[2022-08-15 08:30:53.369] [exthost] [info] ExtensionService#_doActivateExtension vscode.json-language-features, startup: false, activationEvent: 'onLanguage:jsonc'
[2022-08-15 08:30:53.427] [exthost] [info] ExtensionService#_doActivateExtension vscode.typescript-language-features, startup: false, activationEvent: 'onLanguage:jsonc'
[2022-08-15 08:31:55.767] [exthost] [error] {"message":"Git error","stdout":"","stderr":"fatal: pathspec '/workspaces/vscode_codespaces/rstudio/rstudio/.oh-my-zsh/plugins/celery/_celery' is beyond a symbolic link\n","exitCode":128}
[2022-08-15 08:31:55.767] [exthost] [error] {"message":"Git error","stdout":"","stderr":"fatal: pathspec '/workspaces/vscode_codespaces/rstudio/rstudio/.oh-my-zsh/plugins/celery/_celery' is beyond a symbolic link\n","exitCode":128}
[2022-08-15 08:31:55.767] [exthost] [error] {"message":"Git error","stdout":"","stderr":"fatal: pathspec '/workspaces/vscode_codespaces/rstudio/rstudio/.oh-my-zsh/plugins/celery/_celery' is beyond a symbolic link\n","exitCode":128}
[2022-08-15 08:31:55.767] [exthost] [error] {"message":"Git error","stdout":"","stderr":"fatal: pathspec '/workspaces/vscode_codespaces/rstudio/rstudio/.oh-my-zsh/plugins/celery/_celery' is beyond a symbolic link\n","exitCode":128}
[2022-08-15 08:31:55.767] [exthost] [error] {"message":"Git error","stdout":"","stderr":"fatal: pathspec '/workspaces/vscode_codespaces/rstudio/rstudio/.oh-my-zsh/plugins/celery/_celery' is beyond a symbolic link\n","exitCode":128}
[2022-08-15 08:31:55.767] [exthost] [error] {"message":"Git error","stdout":"","stderr":"fatal: pathspec '/workspaces/vscode_codespaces/rstudio/rstudio/.oh-my-zsh/plugins/celery/_celery' is beyond a symbolic link\n","exitCode":128}
[2022-08-15 08:31:55.767] [exthost] [error] {"message":"Git error","stdout":"","stderr":"fatal: pathspec '/workspaces/vscode_codespaces/rstudio/rstudio/.oh-my-zsh/plugins/celery/_celery' is beyond a symbolic link\n","exitCode":128}
[2022-08-15 08:31:55.767] [exthost] [error] {"message":"Git error","stdout":"","stderr":"fatal: pathspec '/workspaces/vscode_codespaces/rstudio/rstudio/.oh-my-zsh/plugins/celery/_celery' is beyond a symbolic link\n","exitCode":128}
[2022-08-15 08:31:55.767] [exthost] [error] {"message":"Git error","stdout":"","stderr":"fatal: pathspec '/workspaces/vscode_codespaces/rstudio/rstudio/.oh-my-zsh/plugins/celery/_celery' is beyond a symbolic link\n","exitCode":128}
[2022-08-15 08:31:55.767] [exthost] [error] {"message":"Git error","stdout":"","stderr":"fatal: pathspec '/workspaces/vscode_codespaces/rstudio/rstudio/.oh-my-zsh/plugins/celery/_celery' is beyond a symbolic link\n","exitCode":128}
[2022-08-15 08:31:55.767] [exthost] [error] {"message":"Git error","stdout":"","stderr":"fatal: pathspec '/workspaces/vscode_codespaces/rstudio/rstudio/.oh-my-zsh/plugins/celery/_celery' is beyond a symbolic link\n","exitCode":128}
[2022-08-15 08:31:55.767] [exthost] [error] {"message":"Git error","stdout":"","stderr":"fatal: pathspec '/workspaces/vscode_codespaces/rstudio/rstudio/.oh-my-zsh/plugins/celery/_celery' is beyond a symbolic link\n","exitCode":128}
[2022-08-15 08:31:55.767] [exthost] [error] {"message":"Git error","stdout":"","stderr":"fatal: pathspec '/workspaces/vscode_codespaces/rstudio/rstudio/.oh-my-zsh/plugins/celery/_celery' is beyond a symbolic link\n","exitCode":128}
[2022-08-15 08:31:55.767] [exthost] [error] {"message":"Git error","stdout":"","stderr":"fatal: pathspec '/workspaces/vscode_codespaces/rstudio/rstudio/.oh-my-zsh/plugins/celery/_celery' is beyond a symbolic link\n","exitCode":128}
[2022-08-15 08:31:55.767] [exthost] [error] {"message":"Git error","stdout":"","stderr":"fatal: pathspec '/workspaces/vscode_codespaces/rstudio/rstudio/.oh-my-zsh/plugins/celery/_celery' is beyond a symbolic link\n","exitCode":128}
[2022-08-15 08:32:22.251] [exthost] [error] {"message":"Git error","stdout":"","stderr":"fatal: pathspec '/workspaces/vscode_codespaces/rstudio/rstudio/.oh-my-zsh/plugins/aliases/aliases.plugin.zsh' is beyond a symbolic link\n","exitCode":128}
[2022-08-15 08:32:22.251] [exthost] [error] {"message":"Git error","stdout":"","stderr":"fatal: pathspec '/workspaces/vscode_codespaces/rstudio/rstudio/.oh-my-zsh/plugins/aliases/aliases.plugin.zsh' is beyond a symbolic link\n","exitCode":128}
[2022-08-15 08:32:22.252] [exthost] [error] {"message":"Git error","stdout":"","stderr":"fatal: pathspec '/workspaces/vscode_codespaces/rstudio/rstudio/.oh-my-zsh/plugins/aliases/aliases.plugin.zsh' is beyond a symbolic link\n","exitCode":128}
[2022-08-15 08:32:22.252] [exthost] [error] {"message":"Git error","stdout":"","stderr":"fatal: pathspec '/workspaces/vscode_codespaces/rstudio/rstudio/.oh-my-zsh/plugins/aliases/aliases.plugin.zsh' is beyond a symbolic link\n","exitCode":128}
[2022-08-15 08:32:22.252] [exthost] [error] {"message":"Git error","stdout":"","stderr":"fatal: pathspec '/workspaces/vscode_codespaces/rstudio/rstudio/.oh-my-zsh/plugins/aliases/aliases.plugin.zsh' is beyond a symbolic link\n","exitCode":128}
[2022-08-15 08:32:22.252] [exthost] [error] {"message":"Git error","stdout":"","stderr":"fatal: pathspec '/workspaces/vscode_codespaces/rstudio/rstudio/.oh-my-zsh/plugins/aliases/aliases.plugin.zsh' is beyond a symbolic link\n","exitCode":128}
[2022-08-15 08:32:22.252] [exthost] [error] {"message":"Git error","stdout":"","stderr":"fatal: pathspec '/workspaces/vscode_codespaces/rstudio/rstudio/.oh-my-zsh/plugins/aliases/aliases.plugin.zsh' is beyond a symbolic link\n","exitCode":128}
[2022-08-15 08:40:50.338] [exthost] [error] {"message":"Git error","stdout":"","stderr":"fatal: pathspec '/workspaces/vscode_codespaces/rstudio/rstudio/.oh-my-zsh/README.md' is beyond a symbolic link\n","exitCode":128}
[2022-08-15 08:40:50.338] [exthost] [error] {"message":"Git error","stdout":"","stderr":"fatal: pathspec '/workspaces/vscode_codespaces/rstudio/rstudio/.oh-my-zsh/README.md' is beyond a symbolic link\n","exitCode":128}
[2022-08-15 08:40:50.338] [exthost] [error] {"message":"Git error","stdout":"","stderr":"fatal: pathspec '/workspaces/vscode_codespaces/rstudio/rstudio/.oh-my-zsh/README.md' is beyond a symbolic link\n","exitCode":128}
[2022-08-15 08:40:50.338] [exthost] [error] {"message":"Git error","stdout":"","stderr":"fatal: pathspec '/workspaces/vscode_codespaces/rstudio/rstudio/.oh-my-zsh/README.md' is beyond a symbolic link\n","exitCode":128}
[2022-08-15 08:40:50.338] [exthost] [error] {"message":"Git error","stdout":"","stderr":"fatal: pathspec '/workspaces/vscode_codespaces/rstudio/rstudio/.oh-my-zsh/README.md' is beyond a symbolic link\n","exitCode":128}
[2022-08-15 08:40:50.338] [exthost] [error] {"message":"Git error","stdout":"","stderr":"fatal: pathspec '/workspaces/vscode_codespaces/rstudio/rstudio/.oh-my-zsh/README.md' is beyond a symbolic link\n","exitCode":128}
[2022-08-15 08:40:50.338] [exthost] [error] {"message":"Git error","stdout":"","stderr":"fatal: pathspec '/workspaces/vscode_codespaces/rstudio/rstudio/.oh-my-zsh/README.md' is beyond a symbolic link\n","exitCode":128}
[2022-08-15 08:40:50.338] [exthost] [error] {"message":"Git error","stdout":"","stderr":"fatal: pathspec '/workspaces/vscode_codespaces/rstudio/rstudio/.oh-my-zsh/README.md' is beyond a symbolic link\n","exitCode":128}
[2022-08-15 08:40:50.338] [exthost] [error] {"message":"Git error","stdout":"","stderr":"fatal: pathspec '/workspaces/vscode_codespaces/rstudio/rstudio/.oh-my-zsh/README.md' is beyond a symbolic link\n","exitCode":128}
[2022-08-15 08:40:50.338] [exthost] [error] {"message":"Git error","stdout":"","stderr":"fatal: pathspec '/workspaces/vscode_codespaces/rstudio/rstudio/.oh-my-zsh/README.md' is beyond a symbolic link\n","exitCode":128}
[2022-08-15 08:40:50.338] [exthost] [error] {"message":"Git error","stdout":"","stderr":"fatal: pathspec '/workspaces/vscode_codespaces/rstudio/rstudio/.oh-my-zsh/README.md' is beyond a symbolic link\n","exitCode":128}
[2022-08-15 08:40:50.338] [exthost] [error] {"message":"Git error","stdout":"","stderr":"fatal: pathspec '/workspaces/vscode_codespaces/rstudio/rstudio/.oh-my-zsh/README.md' is beyond a symbolic link\n","exitCode":128}
[2022-08-15 08:40:51.541] [exthost] [error] {"message":"Git error","stdout":"","stderr":"fatal: pathspec '/workspaces/vscode_codespaces/rstudio/rstudio/.vscode-remote/extensions/reditorsupport.r-2.5.2/package.json' is beyond a symbolic link\n","exitCode":128}
[2022-08-15 08:40:51.541] [exthost] [error] {"message":"Git error","stdout":"","stderr":"fatal: pathspec '/workspaces/vscode_codespaces/rstudio/rstudio/.vscode-remote/extensions/reditorsupport.r-2.5.2/package.json' is beyond a symbolic link\n","exitCode":128}
[2022-08-15 08:40:51.541] [exthost] [error] {"message":"Git error","stdout":"","stderr":"fatal: pathspec '/workspaces/vscode_codespaces/rstudio/rstudio/.vscode-remote/extensions/reditorsupport.r-2.5.2/package.json' is beyond a symbolic link\n","exitCode":128}
[2022-08-15 08:40:51.541] [exthost] [error] {"message":"Git error","stdout":"","stderr":"fatal: pathspec '/workspaces/vscode_codespaces/rstudio/rstudio/.vscode-remote/extensions/reditorsupport.r-2.5.2/package.json' is beyond a symbolic link\n","exitCode":128}
[2022-08-15 08:40:51.541] [exthost] [error] {"message":"Git error","stdout":"","stderr":"fatal: pathspec '/workspaces/vscode_codespaces/rstudio/rstudio/.vscode-remote/extensions/reditorsupport.r-2.5.2/package.json' is beyond a symbolic link\n","exitCode":128}
[2022-08-15 08:40:51.541] [exthost] [error] {"message":"Git error","stdout":"","stderr":"fatal: pathspec '/workspaces/vscode_codespaces/rstudio/rstudio/.vscode-remote/extensions/reditorsupport.r-2.5.2/package.json' is beyond a symbolic link\n","exitCode":128}
[2022-08-15 08:40:51.541] [exthost] [error] {"message":"Git error","stdout":"","stderr":"fatal: pathspec '/workspaces/vscode_codespaces/rstudio/rstudio/.vscode-remote/extensions/reditorsupport.r-2.5.2/package.json' is beyond a symbolic link\n","exitCode":128}
[2022-08-15 08:40:51.541] [exthost] [error] {"message":"Git error","stdout":"","stderr":"fatal: pathspec '/workspaces/vscode_codespaces/rstudio/rstudio/.vscode-remote/extensions/reditorsupport.r-2.5.2/package.json' is beyond a symbolic link\n","exitCode":128}
[2022-08-15 08:40:51.541] [exthost] [error] {"message":"Git error","stdout":"","stderr":"fatal: pathspec '/workspaces/vscode_codespaces/rstudio/rstudio/.vscode-remote/extensions/reditorsupport.r-2.5.2/package.json' is beyond a symbolic link\n","exitCode":128}
[2022-08-15 08:40:51.541] [exthost] [error] {"message":"Git error","stdout":"","stderr":"fatal: pathspec '/workspaces/vscode_codespaces/rstudio/rstudio/.vscode-remote/extensions/reditorsupport.r-2.5.2/package.json' is beyond a symbolic link\n","exitCode":128}
[2022-08-15 08:40:51.541] [exthost] [error] {"message":"Git error","stdout":"","stderr":"fatal: pathspec '/workspaces/vscode_codespaces/rstudio/rstudio/.vscode-remote/extensions/reditorsupport.r-2.5.2/package.json' is beyond a symbolic link\n","exitCode":128}
[2022-08-15 08:40:51.542] [exthost] [error] {"message":"Git error","stdout":"","stderr":"fatal: pathspec '/workspaces/vscode_codespaces/rstudio/rstudio/.vscode-remote/extensions/reditorsupport.r-2.5.2/package.json' is beyond a symbolic link\n","exitCode":128}
[2022-08-15 08:40:51.542] [exthost] [error] {"message":"Git error","stdout":"","stderr":"fatal: pathspec '/workspaces/vscode_codespaces/rstudio/rstudio/.vscode-remote/extensions/reditorsupport.r-2.5.2/package.json' is beyond a symbolic link\n","exitCode":128}
[2022-08-15 08:40:51.542] [exthost] [error] {"message":"Git error","stdout":"","stderr":"fatal: pathspec '/workspaces/vscode_codespaces/rstudio/rstudio/.vscode-remote/extensions/reditorsupport.r-2.5.2/package.json' is beyond a symbolic link\n","exitCode":128}
[2022-08-15 08:40:51.542] [exthost] [error] {"message":"Git error","stdout":"","stderr":"fatal: pathspec '/workspaces/vscode_codespaces/rstudio/rstudio/.vscode-remote/extensions/reditorsupport.r-2.5.2/package.json' is beyond a symbolic link\n","exitCode":128}
[2022-08-15 08:40:51.542] [exthost] [error] {"message":"Git error","stdout":"","stderr":"fatal: pathspec '/workspaces/vscode_codespaces/rstudio/rstudio/.vscode-remote/extensions/reditorsupport.r-2.5.2/package.json' is beyond a symbolic link\n","exitCode":128}
[2022-08-15 08:41:02.608] [exthost] [error] {"message":"Git error","stdout":"","stderr":"fatal: pathspec '/workspaces/vscode_codespaces/rstudio/rstudio/.vscode-remote' is beyond a symbolic link\n","exitCode":128}
[2022-08-15 08:41:02.608] [exthost] [error] {"message":"Git error","stdout":"","stderr":"fatal: pathspec '/workspaces/vscode_codespaces/rstudio/rstudio/.vscode-remote' is beyond a symbolic link\n","exitCode":128}
[2022-08-15 08:41:02.608] [exthost] [error] {"message":"Git error","stdout":"","stderr":"fatal: pathspec '/workspaces/vscode_codespaces/rstudio/rstudio/.vscode-remote' is beyond a symbolic link\n","exitCode":128}
[2022-08-15 08:41:02.608] [exthost] [error] {"message":"Git error","stdout":"","stderr":"fatal: pathspec '/workspaces/vscode_codespaces/rstudio/rstudio/.vscode-remote' is beyond a symbolic link\n","exitCode":128}
[2022-08-15 08:41:02.823] [exthost] [info] ExtensionService#_doActivateExtension vscode.extension-editing, startup: false, activationEvent: 'onLanguage:json'
[2022-08-15 08:41:02.837] [exthost] [info] ExtensionService#_doActivateExtension vscode.npm, startup: false, activationEvent: 'onLanguage:json'
[2022-08-15 08:43:19.956] [exthost] [error] {"message":"Git error","stdout":"","stderr":"fatal: pathspec '/workspaces/vscode_codespaces/rstudio/rstudio/.vscode-R/settings.json' is beyond a symbolic link\n","exitCode":128}
[2022-08-15 08:43:19.956] [exthost] [error] {"message":"Git error","stdout":"","stderr":"fatal: pathspec '/workspaces/vscode_codespaces/rstudio/rstudio/.vscode-R/settings.json' is beyond a symbolic link\n","exitCode":128}
[2022-08-15 08:43:19.956] [exthost] [error] {"message":"Git error","stdout":"","stderr":"fatal: pathspec '/workspaces/vscode_codespaces/rstudio/rstudio/.vscode-R/settings.json' is beyond a symbolic link\n","exitCode":128}
[2022-08-15 08:43:19.956] [exthost] [error] {"message":"Git error","stdout":"","stderr":"fatal: pathspec '/workspaces/vscode_codespaces/rstudio/rstudio/.vscode-R/settings.json' is beyond a symbolic link\n","exitCode":128}
[2022-08-15 08:43:19.956] [exthost] [error] {"message":"Git error","stdout":"","stderr":"fatal: pathspec '/workspaces/vscode_codespaces/rstudio/rstudio/.vscode-R/settings.json' is beyond a symbolic link\n","exitCode":128}
[2022-08-15 08:43:19.956] [exthost] [error] {"message":"Git error","stdout":"","stderr":"fatal: pathspec '/workspaces/vscode_codespaces/rstudio/rstudio/.vscode-R/settings.json' is beyond a symbolic link\n","exitCode":128}
